C51 COMPILER V9.02   EEPROM                                                                12/01/2023 17:43:56 PAGE 1   


C51 COMPILER V9.02, COMPILATION OF MODULE EEPROM
OBJECT MODULE PLACED IN eeprom.OBJ
COMPILER INVOKED BY: C:\Keil\C51\BIN\C51.EXE eeprom.c BROWSE DEBUG OBJECTEXTEND

line level    source

   1          #include "i2c.h"
   2          #include "lcd.h"
   3          #include"i2c_defines.h"
   4          
   5          main()
   6          {
   7   1              unsigned char ch;
   8   1      
   9   1              LCD_Init();
  10   1              Write_CMD_LCD(0x80);
  11   1              Write_str_LCD("EEPROM TEST:");
  12   1              ch=0+48;
  13   1              if(s1==0)
  14   1              {
  15   2              i2cDevByteWrite(0xA0,0x00,ch);
  16   2              ch = i2cDevRandomRead(0xA0,0x00);
  17   2          Write_CMD_LCD(0xC0);        
  18   2              Write_DAT_LCD(ch);
  19   2              }
  20   1              else if(s2==0)
  21   1              {
  22   2              ch++;
  23   2          i2cDevByteWrite(0xA0,0x0A,ch);
  24   2              ch = i2cDevRandomRead(0xA0,0x0A);
  25   2          Write_CMD_LCD(0xC3);        
  26   2              Write_DAT_LCD(ch);
  27   2              }
  28   1      
  29   1              //Write_CMD_LCD(0xC6);
  30   1          //Write_DAT_LCD(ch);
  31   1      
  32   1           
  33   1              while(1);
  34   1      }


MODULE INFORMATION:   STATIC OVERLAYABLE
   CODE SIZE        =     80    ----
   CONSTANT SIZE    =     13    ----
   XDATA SIZE       =   ----    ----
   PDATA SIZE       =   ----    ----
   DATA SIZE        =   ----       1
   IDATA SIZE       =   ----    ----
   BIT SIZE         =   ----    ----
END OF MODULE INFORMATION.


C51 COMPILATION COMPLETE.  0 WARNING(S),  0 ERROR(S)
