C51 COMPILER V9.02   E_CARD                                                                12/02/2023 18:12:58 PAGE 1   


C51 COMPILER V9.02, COMPILATION OF MODULE E_CARD
OBJECT MODULE PLACED IN e_card.OBJ
COMPILER INVOKED BY: C:\Keil\C51\BIN\C51.EXE e_card.c BROWSE DEBUG OBJECTEXTEND

line level    source

   1          #include<reg51.h>
   2          #include"delay.h"
   3          #include"uart.h"
   4          #include"lcd.h"
   5          #include"e_card_function.h"
   6          #include"i2c_defines.h"
   7          #include"i2c.h"
   8          #include"keypad.h"
   9          
  10          int main()
  11          {
  12   1      char ch=0;
  13   1      UART_Init();
  14   1      initlcd();
  15   1        while(1)
  16   1      {
  17   2      //lable:
  18   2      cmdlcd(0x01);
  19   2      cmdlcd(0x80);
  20   2      strlcd("1.VOTING 2.PAN");
  21   2      cmdlcd(0xc0);
  22   2      strlcd("3.ATM 4.EXIT");
  23   2      delay_ms(5000);
  24   2       
  25   2      cmdlcd(0x01);
  26   2      cmdlcd(0x80);
  27   2      strlcd("wating...");
  28   2      delay_ms(2000);
  29   2      while((ch=UART_Rxchar())==0);
  30   2      //ch=key_val();
  31   2      switch(ch)
  32   2      {
  33   3      case '1': strlcd(" FOR VOTING..."); cmdlcd(0x01);delay_ms(3000);voting();break;
  34   3      case '2': strlcd("FOR PAN DETAILS");cmdlcd(0x01);delay_ms(3000); pan();break;
  35   3      case '3': strlcd("FOR ATM..."); delay_ms(3000);cmdlcd(0x01);atm();break;
  36   3      case '4':strlcd("EXIT...");     delay_ms(3000);break;
  37   3      }
  38   2      }
  39   1      }


MODULE INFORMATION:   STATIC OVERLAYABLE
   CODE SIZE        =    198    ----
   CONSTANT SIZE    =     88    ----
   XDATA SIZE       =   ----    ----
   PDATA SIZE       =   ----    ----
   DATA SIZE        =   ----       1
   IDATA SIZE       =   ----    ----
   BIT SIZE         =   ----    ----
END OF MODULE INFORMATION.


C51 COMPILATION COMPLETE.  0 WARNING(S),  0 ERROR(S)
