C51 COMPILER V9.02   EEPROM                                                                12/02/2023 18:02:40 PAGE 1   


C51 COMPILER V9.02, COMPILATION OF MODULE EEPROM
OBJECT MODULE PLACED IN eeprom.OBJ
COMPILER INVOKED BY: C:\Keil\C51\BIN\C51.EXE eeprom.c BROWSE DEBUG OBJECTEXTEND

line level    source

   1          
   2          #include "i2c.h"
   3          #include "lcd.h"
   4          #include"i2c_defines.h"
   5          
   6          main()
   7          {
   8   1              unsigned char ch;
   9   1      
  10   1              initlcd();
  11   1              cmdlcd(0x80);
  12   1              strlcd("EEPROM TEST:");
  13   1              ch=0+48;
  14   1               
  15   1              i2cDevByteWrite(0xA0,0x00,ch);
  16   1              ch = i2cDevRandomRead(0xA0,0x00);
  17   1          cmdlcd(0xC0);       
  18   1              datalcd(ch);
  19   1               
  20   1              ch++;
  21   1          i2cDevByteWrite(0xA0,0x0A,ch);
  22   1              ch = i2cDevRandomRead(0xA0,0x0A);
  23   1          cmdlcd(0xC3);       
  24   1              datalcd(ch);
  25   1       
  26   1      
  27   1              //Write_CMD_LCD(0xC6);
  28   1          //Write_DAT_LCD(ch);
  29   1      
  30   1           
  31   1              while(1);
  32   1      }


MODULE INFORMATION:   STATIC OVERLAYABLE
   CODE SIZE        =     80    ----
   CONSTANT SIZE    =     13    ----
   XDATA SIZE       =   ----    ----
   PDATA SIZE       =   ----    ----
   DATA SIZE        =   ----       1
   IDATA SIZE       =   ----    ----
   BIT SIZE         =   ----    ----
END OF MODULE INFORMATION.


C51 COMPILATION COMPLETE.  0 WARNING(S),  0 ERROR(S)
