C51 COMPILER V9.02   EEPROM                                                                12/01/2023 17:24:30 PAGE 1   


C51 COMPILER V9.02, COMPILATION OF MODULE EEPROM
OBJECT MODULE PLACED IN eeprom.OBJ
COMPILER INVOKED BY: C:\Keil\C51\BIN\C51.EXE eeprom.c BROWSE DEBUG OBJECTEXTEND

line level    source

   1          #include "i2c.h"
   2          #include "lcd.h"
   3          
   4          
   5          main()
   6          {
   7   1              unsigned char ch;
   8   1      
   9   1              LCD_Init();
*** WARNING C206 IN LINE 9 OF EEPROM.C: 'LCD_Init': missing function-prototype
  10   1              Write_CMD_LCD(0x80);
*** WARNING C206 IN LINE 10 OF EEPROM.C: 'Write_CMD_LCD': missing function-prototype
*** ERROR C267 IN LINE 10 OF EEPROM.C: 'Write_CMD_LCD': requires ANSI-style prototype
  11   1              Write_str_LCD("EEPROM TEST:");
  12   1              i2cDevByteWrite(0xA0,0x00,'A');
  13   1      
  14   1              ch = i2cDevRandomRead(0xA0,0x00);
  15   1      
  16   1              Write_CMD_LCD(0xC0);
  17   1              Write_DAT_LCD(ch);
  18   1              while(1);
  19   1      }

C51 COMPILATION COMPLETE.  2 WARNING(S),  1 ERROR(S)
