C51 COMPILER V9.02   LED_SCROLLING                                                         11/21/2023 19:43:55 PAGE 1   


C51 COMPILER V9.02, COMPILATION OF MODULE LED_SCROLLING
OBJECT MODULE PLACED IN led_scrolling.OBJ
COMPILER INVOKED BY: C:\Keil\C51\BIN\C51.EXE led_scrolling.c BROWSE DEBUG OBJECTEXTEND

line level    source

   1          #include<reg51.h>
   2          #include"delay.h"
   3          #include<math.h>
   4          #define LED P1
   5          
   6          main()
   7          {
   8   1      char i,a;
   9   1       while(1)
  10   1       {
  11   2      
  12   2      for(i=0;i<8;i++)
  13   2      {
  14   3      a=pow(2,i);
  15   3      LED=a^0x0f;
  16   3      delay_ms(1000);
  17   3      }
  18   2      for(i=8;i>0;i--)
  19   2      {
  20   3      a=pow(2,i);
  21   3      LED=a^0x0f;
  22   3      delay_ms(1000);
  23   3      }
  24   2      }
  25   1      }


MODULE INFORMATION:   STATIC OVERLAYABLE
   CODE SIZE        =    116    ----
   CONSTANT SIZE    =   ----    ----
   XDATA SIZE       =   ----    ----
   PDATA SIZE       =   ----    ----
   DATA SIZE        =   ----       2
   IDATA SIZE       =   ----    ----
   BIT SIZE         =   ----    ----
END OF MODULE INFORMATION.


C51 COMPILATION COMPLETE.  0 WARNING(S),  0 ERROR(S)
