C51 COMPILER V9.02   LED_RANDOM                                                            11/21/2023 19:33:29 PAGE 1   


C51 COMPILER V9.02, COMPILATION OF MODULE LED_RANDOM
OBJECT MODULE PLACED IN led_random.OBJ
COMPILER INVOKED BY: C:\Keil\C51\BIN\C51.EXE led_random.c BROWSE DEBUG OBJECTEXTEND

line level    source

   1          #include<reg51.h>
   2          #include<stdlib.h>                                                                                       
   3          #include"delay.h"
   4          #define LED P1
   5          
   6          int main()
   7          {
   8   1      char i;
   9   1      char *a=(int*)malloc(25*sizeof(char));
  10   1      for(i=0;i<25;i++)
  11   1      
  12   1      a[i]= rand()%200+20;
  13   1      while(1)
  14   1      {
  15   2      for(i=0;i<5;i++)
  16   2      {
  17   3      LED=a[i]^0x0f;
  18   3      delay_ms(1000);
  19   3      }                       
  20   2      }
  21   1      }


MODULE INFORMATION:   STATIC OVERLAYABLE
   CODE SIZE        =    112    ----
   CONSTANT SIZE    =   ----    ----
   XDATA SIZE       =   ----    ----
   PDATA SIZE       =   ----    ----
   DATA SIZE        =   ----       4
   IDATA SIZE       =   ----    ----
   BIT SIZE         =   ----    ----
END OF MODULE INFORMATION.


C51 COMPILATION COMPLETE.  0 WARNING(S),  0 ERROR(S)
