C51 COMPILER V9.02   LED_ODD_EVEN                                                          11/20/2023 20:44:42 PAGE 1   


C51 COMPILER V9.02, COMPILATION OF MODULE LED_ODD_EVEN
OBJECT MODULE PLACED IN led_odd_even.OBJ
COMPILER INVOKED BY: C:\Keil\C51\BIN\C51.EXE led_odd_even.c OMF2 BROWSE DEBUG

line level    source

   1          #include<reg52.h>
   2          #include"delay.h"                           
   3          #define LED P1
   4          int main()
   5          {
   6   1      int i,j,num,rem;
   7   1       i=0;
   8   1       num=255;
   9   1       while(1)
  10   1       {
  11   2      for(i=0;i<num;i++)
  12   2      {
  13   3      while(i)
  14   3      {
  15   4      rem=i%10;
  16   4      if(rem%2==1)
  17   4      LED=0x0f^rem;
  18   4      delay_ms(2000);
  19   4      i=i/10;
  20   4      }
  21   3      }
  22   2      }
  23   1      }
*** WARNING C280 IN LINE 6 OF LED_ODD_EVEN.C: 'j': unreferenced local variable


MODULE INFORMATION:   STATIC OVERLAYABLE
   CODE SIZE        =    109    ----
   CONSTANT SIZE    =   ----    ----
   XDATA SIZE       =   ----    ----
   PDATA SIZE       =   ----    ----
   DATA SIZE        =   ----       6
   IDATA SIZE       =   ----    ----
   BIT SIZE         =   ----    ----
   EDATA SIZE       =   ----    ----
   HDATA SIZE       =   ----    ----
   XDATA CONST SIZE =   ----    ----
   FAR CONST SIZE   =   ----    ----
END OF MODULE INFORMATION.


C51 COMPILATION COMPLETE.  1 WARNING(S),  0 ERROR(S)
