C51 COMPILER V9.02   LED_ASCII                                                             11/21/2023 19:19:54 PAGE 1   


C51 COMPILER V9.02, COMPILATION OF MODULE LED_ASCII
OBJECT MODULE PLACED IN led_ascii.OBJ
COMPILER INVOKED BY: C:\Keil\C51\BIN\C51.EXE led_ascii.c BROWSE DEBUG OBJECTEXTEND

line level    source

   1          #include<reg52.h>
   2          #include"delay.h"
   3          #define LED P2
   4          
   5          int main()
   6          {
   7   1      char i;
   8   1      char a[5]={'a','b','c','d','e'};
   9   1               while(1)
  10   1               {
  11   2      for(i=0;i<5;i++)
  12   2      {
  13   3      LED=a[i]^0x0f;
  14   3      delay_ms(1000);
  15   3      }
  16   2                               }
  17   1      }


MODULE INFORMATION:   STATIC OVERLAYABLE
   CODE SIZE        =     52    ----
   CONSTANT SIZE    =      5    ----
   XDATA SIZE       =   ----    ----
   PDATA SIZE       =   ----    ----
   DATA SIZE        =   ----       6
   IDATA SIZE       =   ----    ----
   BIT SIZE         =   ----    ----
END OF MODULE INFORMATION.


C51 COMPILATION COMPLETE.  0 WARNING(S),  0 ERROR(S)
