C51 COMPILER V9.02   DELAY                                                                 12/01/2023 17:24:29 PAGE 1   


C51 COMPILER V9.02, COMPILATION OF MODULE DELAY
OBJECT MODULE PLACED IN delay.OBJ
COMPILER INVOKED BY: C:\Keil\C51\BIN\C51.EXE delay.c BROWSE DEBUG OBJECTEXTEND

line level    source

   1          #include"delay.h"
   2           
   3          void delay_ms(unsigned int dly)
   4          {
   5   1              unsigned char i;
   6   1              for(;dly>0;dly--)
   7   1              {
   8   2                      for(i=255;i>0;i--);
   9   2                      for(i=232;i>0;i--);
  10   2              }
  11   1      }
  12          
  13          
  14          


MODULE INFORMATION:   STATIC OVERLAYABLE
   CODE SIZE        =     25    ----
   CONSTANT SIZE    =   ----    ----
   XDATA SIZE       =   ----    ----
   PDATA SIZE       =   ----    ----
   DATA SIZE        =   ----    ----
   IDATA SIZE       =   ----    ----
   BIT SIZE         =   ----    ----
END OF MODULE INFORMATION.


C51 COMPILATION COMPLETE.  0 WARNING(S),  0 ERROR(S)
