C51 COMPILER V9.02   LCD_SCROLLING_STRING                                                  11/24/2023 18:50:19 PAGE 1   


C51 COMPILER V9.02, COMPILATION OF MODULE LCD_SCROLLING_STRING
OBJECT MODULE PLACED IN lcd_scrolling_string.OBJ
COMPILER INVOKED BY: C:\Keil\C51\BIN\C51.EXE lcd_scrolling_string.c BROWSE DEBUG OBJECTEXTEND

line level    source

   1          
   2                  #include<reg51.h>
   3                  #include"delay.h"
   4                  #include"lcd.h"
   5                  #include"uart.h"
   6                  sbit sw1=P0^0;
   7                  sbit sw2=P0^1;
   8          main()
   9          {       
  10   1              int i,j;
  11   1      initlcd();
  12   1         while(1)
  13   1         {
  14   2         for(i=0,j=20;i<14;i++,j--)
  15   2         {
  16   3         cmdlcd(0x01);
  17   3         cmdlcd(0x80+i);
  18   3         strlcd("vector");
  19   3        // delay_ms(1000);
  20   3      
  21   3      
  22   3         cmdlcd(0xc0+j);
  23   3         strlcd("vector");
  24   3         //delay_ms(1000);
  25   3         cmdlcd(0x94+i);
  26   3         strlcd("vector");
  27   3        // delay_ms(1000);
  28   3         cmdlcd(0xd4+j);
  29   3         strlcd("vector");
  30   3         delay_ms(1000);
  31   3          
  32   3         }
  33   2         }
  34   1         }


MODULE INFORMATION:   STATIC OVERLAYABLE
   CODE SIZE        =    124    ----
   CONSTANT SIZE    =      7    ----
   XDATA SIZE       =   ----    ----
   PDATA SIZE       =   ----    ----
   DATA SIZE        =   ----       4
   IDATA SIZE       =   ----    ----
   BIT SIZE         =   ----    ----
END OF MODULE INFORMATION.


C51 COMPILATION COMPLETE.  0 WARNING(S),  0 ERROR(S)
