C51 COMPILER V9.02   LED_PRIME                                                             11/21/2023 19:05:54 PAGE 1   


C51 COMPILER V9.02, COMPILATION OF MODULE LED_PRIME
OBJECT MODULE PLACED IN led_prime.OBJ
COMPILER INVOKED BY: C:\Keil\C51\BIN\C51.EXE led_prime.c BROWSE DEBUG OBJECTEXTEND

line level    source

   1          #include<reg52.h>
   2          #include"delay.h"
   3          #include<stdio.h>
   4          #include<math.h>
   5          #define led P2
   6          int isprime(int n)
   7          {
   8   1              int i;
   9   1              for(i=2;i<=sqrt(n);i++)
  10   1              if(n%i==0)
  11   1              return 0;
  12   1              return 1;
  13   1      }
  14          
  15          int main()
  16          {
  17   1              int num=0;
  18   1              while(1)
  19   1              {
  20   2                               for(num=2;num<255;num++)
  21   2                                                                               {
  22   3              while(num)
  23   3              {
  24   4                      long int rem=num%10;
  25   4                      if(isprime(rem)==1)
  26   4                      {
  27   5                      led=rem^0x0f;
  28   5                      delay_ms(1000);
  29   5                      }
  30   4                      num/=10;
  31   4       
  32   4      
  33   4              }
  34   3      }
  35   2      }        }


MODULE INFORMATION:   STATIC OVERLAYABLE
   CODE SIZE        =    200    ----
   CONSTANT SIZE    =   ----    ----
   XDATA SIZE       =   ----    ----
   PDATA SIZE       =   ----    ----
   DATA SIZE        =   ----      10
   IDATA SIZE       =   ----    ----
   BIT SIZE         =   ----    ----
END OF MODULE INFORMATION.


C51 COMPILATION COMPLETE.  0 WARNING(S),  0 ERROR(S)
