C51 COMPILER V9.02   LED_PAIR_BLINK                                                        11/21/2023 19:58:24 PAGE 1   


C51 COMPILER V9.02, COMPILATION OF MODULE LED_PAIR_BLINK
OBJECT MODULE PLACED IN led_pair_blink.OBJ
COMPILER INVOKED BY: C:\Keil\C51\BIN\C51.EXE led_pair_blink.c BROWSE DEBUG OBJECTEXTEND

line level    source

   1          #include<reg51.h>
   2          #include"delay.h"
   3          #include<math.h>
   4          #define LED P1
   5          
   6          main()
   7          {
   8   1      //char i,a;
   9   1       while(1)
  10   1       {
  11   2        LED=0;
  12   2        LED=0X03^0x0f;
  13   2        delay_ms(1000);
  14   2        LED=0;
  15   2        LED=0x0c^0x0f;
  16   2        delay_ms(1000);
  17   2        LED=0;
  18   2        LED=0x30^0x0f;
  19   2        delay_ms(1000);
  20   2        LED=0;
  21   2        LED=0xc0^0x0f;
  22   2        delay_ms(1000);
  23   2        }
  24   1        }


MODULE INFORMATION:   STATIC OVERLAYABLE
   CODE SIZE        =     54    ----
   CONSTANT SIZE    =   ----    ----
   XDATA SIZE       =   ----    ----
   PDATA SIZE       =   ----    ----
   DATA SIZE        =   ----    ----
   IDATA SIZE       =   ----    ----
   BIT SIZE         =   ----    ----
END OF MODULE INFORMATION.


C51 COMPILATION COMPLETE.  0 WARNING(S),  0 ERROR(S)
