C51 COMPILER V9.02   LED_0_255                                                             11/21/2023 18:52:55 PAGE 1   


C51 COMPILER V9.02, COMPILATION OF MODULE LED_0_255
OBJECT MODULE PLACED IN led_0_255.OBJ
COMPILER INVOKED BY: C:\Keil\C51\BIN\C51.EXE led_0_255.c BROWSE DEBUG OBJECTEXTEND

line level    source

   1          #include<reg52.h>
   2          #include"delay.h"
   3          #define LED P2
   4          
   5          main()
   6          {
   7   1      char i;
   8   1      while(1)
   9   1      {
  10   2      for(i=0;i<255;i++)
  11   2      {
  12   3      LED=i^0x0f;
  13   3      delay_ms(2000);
  14   3      }
  15   2      }
  16   1      }


MODULE INFORMATION:   STATIC OVERLAYABLE
   CODE SIZE        =     38    ----
   CONSTANT SIZE    =   ----    ----
   XDATA SIZE       =   ----    ----
   PDATA SIZE       =   ----    ----
   DATA SIZE        =   ----       1
   IDATA SIZE       =   ----    ----
   BIT SIZE         =   ----    ----
END OF MODULE INFORMATION.


C51 COMPILATION COMPLETE.  0 WARNING(S),  0 ERROR(S)
