C51 COMPILER V9.02   LED_UART                                                              11/28/2023 17:41:11 PAGE 1   


C51 COMPILER V9.02, COMPILATION OF MODULE LED_UART
OBJECT MODULE PLACED IN led_uart.OBJ
COMPILER INVOKED BY: C:\Keil\C51\BIN\C51.EXE led_uart.c BROWSE DEBUG OBJECTEXTEND

line level    source

   1          #include<reg52.h>
   2          #include"delay.h"
   3          #include"uart.h"
   4          #include"lcd.h"
   5          #define LED P1
   6          main()
   7          {
   8   1        unsigned char ch,str[20],i=0;
   9   1        UART_Init();
  10   1        initlcd();                                                                    
  11   1        while(1)
  12   1        {     i=0;
  13   2        
  14   2         while((ch=UART_Rxchar())!='\n')
  15   2        {              
  16   3         //cmdlcd(0x80+i);
  17   3        str[i]=ch;
  18   3        UART_Txchar(ch);
  19   3        //datalcd(str[i]);
  20   3        i++;
  21   3        }      
  22   2      str[i-1]='\0';
  23   2      cmdlcd(0x80);
  24   2      cmdlcd(0x01);
  25   2      strlcd(str);
  26   2      delay_ms(1000);
  27   2        }
  28   1      }


MODULE INFORMATION:   STATIC OVERLAYABLE
   CODE SIZE        =     73    ----
   CONSTANT SIZE    =   ----    ----
   XDATA SIZE       =   ----    ----
   PDATA SIZE       =   ----    ----
   DATA SIZE        =   ----      22
   IDATA SIZE       =   ----    ----
   BIT SIZE         =   ----    ----
END OF MODULE INFORMATION.


C51 COMPILATION COMPLETE.  0 WARNING(S),  0 ERROR(S)
