C51 COMPILER V9.02   MAIN_LCD                                                              11/24/2023 18:04:35 PAGE 1   


C51 COMPILER V9.02, COMPILATION OF MODULE MAIN_LCD
OBJECT MODULE PLACED IN main_lcd.OBJ
COMPILER INVOKED BY: C:\Keil\C51\BIN\C51.EXE main_lcd.c BROWSE DEBUG OBJECTEXTEND

line level    source

   1              #include<reg51.h>
   2                  #include"delay.h"
   3                  #include"lcd.h"
   4                  #include"uart.h"
   5          
   6          main()
   7          {       int cnt=1;
   8   1         // char ch;
   9   1              initlcd(); 
  10   1               while(1)
  11   1               {
  12   2               while(1)
  13   2               {
  14   3               if((cnt%1)==0)
  15   3              {
  16   4               cmdlcd(0x80);
  17   4              datalcd('A');
  18   4              delay_ms(1000);
  19   4              cmdlcd(0x01);
  20   4              cmdlcd(0x80);
  21   4              cnt++;   
  22   4              }
  23   3              if((cnt%2)==0)
  24   3              {
  25   4              cmdlcd(0xc0);
  26   4              strlcd("AMMA I LOVE U");
  27   4              delay_ms(1000);
  28   4              cmdlcd(0x01);
  29   4              cnt++;
  30   4              }
  31   3              if((cnt%3)==0)
  32   3              {
  33   4              cmdlcd(0x94);
  34   4              integerlcd(1546);
  35   4              delay_ms(1000);
  36   4              cmdlcd(0x01);
  37   4              cmdlcd(0x80);
  38   4              cnt++;
  39   4               
  40   4              }
  41   3              if((cnt%4)==0)
  42   3               {
  43   4              cmdlcd(0xd4);
  44   4              strlcd("testing done");
  45   4              delay_ms(1000);
  46   4              cmdlcd(0x01);
  47   4              cmdlcd(0x80);
  48   4              cnt++; 
  49   4              }
  50   3              
  51   3              if(cnt>=16)
  52   3              break;
  53   3      
  54   3      }       
  55   2              }
C51 COMPILER V9.02   MAIN_LCD                                                              11/24/2023 18:04:35 PAGE 2   

  56   1      
  57   1                }
  58           


MODULE INFORMATION:   STATIC OVERLAYABLE
   CODE SIZE        =    228    ----
   CONSTANT SIZE    =     27    ----
   XDATA SIZE       =   ----    ----
   PDATA SIZE       =   ----    ----
   DATA SIZE        =   ----       2
   IDATA SIZE       =   ----    ----
   BIT SIZE         =   ----    ----
END OF MODULE INFORMATION.


C51 COMPILATION COMPLETE.  0 WARNING(S),  0 ERROR(S)
